TN:
SF:/usr/include/c++/4.7/bits/alloc_traits.h
FN:252,_ZNSt16allocator_traitsISaIiEE12_S_constructIiIRKiEEENSt9enable_ifIXsrNS1_18__construct_helperIT_IDpT0_EEE5valueEvE4typeERS0_PS7_DpOS8_
FN:278,_ZNSt16allocator_traitsISaIiEE10_S_destroyIiEENSt9enable_ifIXsrNS1_16__destroy_helperIT_EE5valueEvE4typeERS0_PS5_
FN:303,_ZNSt16allocator_traitsISaIiEE11_S_max_sizeIKS0_EENSt9enable_ifIXsrNS1_16__maxsize_helperIT_EE5valueEmE4typeERS6_
FN:389,_ZNSt16allocator_traitsISaIiEE9constructIiIRKiEEEvRS0_PT_DpOT0_
FN:401,_ZNSt16allocator_traitsISaIiEE7destroyIiEEvRS0_PT_
FN:412,_ZNSt16allocator_traitsISaIiEE8max_sizeERKS0_
FNDA:1000,_ZNSt16allocator_traitsISaIiEE12_S_constructIiIRKiEEENSt9enable_ifIXsrNS1_18__construct_helperIT_IDpT0_EEE5valueEvE4typeERS0_PS7_DpOS8_
FNDA:0,_ZNSt16allocator_traitsISaIiEE10_S_destroyIiEENSt9enable_ifIXsrNS1_16__destroy_helperIT_EE5valueEvE4typeERS0_PS5_
FNDA:2,_ZNSt16allocator_traitsISaIiEE11_S_max_sizeIKS0_EENSt9enable_ifIXsrNS1_16__maxsize_helperIT_EE5valueEmE4typeERS6_
FNDA:1000,_ZNSt16allocator_traitsISaIiEE9constructIiIRKiEEEvRS0_PT_DpOT0_
FNDA:0,_ZNSt16allocator_traitsISaIiEE7destroyIiEEvRS0_PT_
FNDA:2,_ZNSt16allocator_traitsISaIiEE8max_sizeERKS0_
FNF:6
FNH:4
DA:252,1000
DA:253,1000
DA:278,0
DA:279,0
DA:303,2
DA:304,2
DA:389,1000
DA:390,1000
DA:401,0
DA:402,0
DA:412,2
DA:413,2
LF:12
LH:8
end_of_record
SF:/usr/include/c++/4.7/bits/allocator.h
FN:104,_ZNSaIiEC2Ev
FN:112,_ZNSaIiED2Ev
FNDA:1,_ZNSaIiEC2Ev
FNDA:1,_ZNSaIiED2Ev
FNF:2
FNH:2
DA:104,1
DA:112,1
LF:2
LH:2
end_of_record
SF:/usr/include/c++/4.7/bits/move.h
FN:77,_ZSt7forwardIRKiEOT_RNSt16remove_referenceIS2_E4typeE
FNDA:3001,_ZSt7forwardIRKiEOT_RNSt16remove_referenceIS2_E4typeE
FNF:1
FNH:1
DA:77,3001
DA:78,3001
LF:2
LH:2
end_of_record
SF:/usr/include/c++/4.7/bits/stl_algobase.h
FN:210,_ZSt3maxImERKT_S2_S2_
FN:271,_ZSt12__niter_baseIPiENSt11_Niter_baseIT_E13iterator_typeES2_
FN:282,_ZSt12__miter_baseISt13move_iteratorIPiEENSt11_Miter_baseIT_E13iterator_typeES4_
FN:362,_ZNSt11__copy_moveILb1ELb1ESt26random_access_iterator_tagE8__copy_mIiEEPT_PKS3_S6_S4_
FN:373,_ZSt13__copy_move_aILb1EPiS0_ET1_T0_S2_S1_
FN:418,_ZSt14__copy_move_a2ILb1EPiS0_ET1_T0_S2_S1_
FN:444,_ZSt4copyISt13move_iteratorIPiES1_ET0_T_S4_S3_
FN:740,_ZSt10__fill_n_aIPimiEN9__gnu_cxx11__enable_ifIXsrSt11__is_scalarIT1_E7__valueET_E6__typeES6_T0_RKS4_
FN:775,_ZSt6fill_nIPimiET_S1_T0_RKT1_
FNDA:1,_ZSt3maxImERKT_S2_S2_
FNDA:4,_ZSt12__niter_baseIPiENSt11_Niter_baseIT_E13iterator_typeES2_
FNDA:2,_ZSt12__miter_baseISt13move_iteratorIPiEENSt11_Miter_baseIT_E13iterator_typeES4_
FNDA:1,_ZNSt11__copy_moveILb1ELb1ESt26random_access_iterator_tagE8__copy_mIiEEPT_PKS3_S6_S4_
FNDA:1,_ZSt13__copy_move_aILb1EPiS0_ET1_T0_S2_S1_
FNDA:1,_ZSt14__copy_move_a2ILb1EPiS0_ET1_T0_S2_S1_
FNDA:1,_ZSt4copyISt13move_iteratorIPiES1_ET0_T_S4_S3_
FNDA:1,_ZSt10__fill_n_aIPimiEN9__gnu_cxx11__enable_ifIXsrSt11__is_scalarIT1_E7__valueET_E6__typeES6_T0_RKS4_
FNDA:1,_ZSt6fill_nIPimiET_S1_T0_RKT1_
FNF:9
FNH:9
BRDA:215,0,0,0
BRDA:215,0,1,1
BRDA:365,0,0,1
BRDA:365,0,1,0
BRDA:743,2,0,1000
BRDA:743,2,1,1
BRF:6
BRH:4
DA:210,1
DA:215,1
DA:216,0
DA:217,1
DA:271,4
DA:272,4
DA:282,2
DA:283,2
DA:362,1
DA:364,1
DA:365,1
DA:366,1
DA:367,1
DA:373,1
DA:381,1
DA:384,1
DA:418,1
DA:422,1
DA:444,1
DA:454,1
DA:740,1
DA:742,1
DA:743,1001
DA:745,1000
DA:746,1
DA:775,1
DA:780,1
LF:27
LH:26
end_of_record
SF:/usr/include/c++/4.7/bits/stl_construct.h
FN:114,_ZNSt12_Destroy_auxILb1EE9__destroyIPiEEvT_S3_
FN:124,_ZSt8_DestroyIPiEvT_S1_
FN:152,_ZSt8_DestroyIPiiEvT_S1_RSaIT0_E
FNDA:2,_ZNSt12_Destroy_auxILb1EE9__destroyIPiEEvT_S3_
FNDA:2,_ZSt8_DestroyIPiEvT_S1_
FNDA:2,_ZSt8_DestroyIPiiEvT_S1_RSaIT0_E
FNF:3
FNH:3
DA:114,2
DA:124,2
DA:128,2
DA:130,2
DA:152,2
DA:155,2
DA:156,2
LF:7
LH:7
end_of_record
SF:/usr/include/c++/4.7/bits/stl_iterator.h
FN:952,_ZNSt13move_iteratorIPiEC2ES0_
FN:960,_ZNKSt13move_iteratorIPiE4baseEv
FN:1134,_ZSt32__make_move_if_noexcept_iteratorIPiSt13move_iteratorIS0_EET0_T_
FNDA:2,_ZNSt13move_iteratorIPiEC2ES0_
FNDA:2,_ZNKSt13move_iteratorIPiE4baseEv
FNDA:2,_ZSt32__make_move_if_noexcept_iteratorIPiSt13move_iteratorIS0_EET0_T_
FNF:3
FNH:3
DA:952,2
DA:953,2
DA:960,2
DA:961,2
DA:1134,2
DA:1135,2
LF:6
LH:6
end_of_record
SF:/usr/include/c++/4.7/bits/stl_iterator_base_types.h
FN:213,_ZNSt10_Iter_baseIPiLb0EE7_S_baseES0_
FN:221,_ZNSt10_Iter_baseISt13move_iteratorIPiELb1EE7_S_baseES2_
FNDA:4,_ZNSt10_Iter_baseIPiLb0EE7_S_baseES0_
FNDA:2,_ZNSt10_Iter_baseISt13move_iteratorIPiELb1EE7_S_baseES2_
FNF:2
FNH:2
DA:213,4
DA:214,4
DA:221,2
DA:222,2
LF:4
LH:4
end_of_record
SF:/usr/include/c++/4.7/bits/stl_uninitialized.h
FN:93,_ZNSt20__uninitialized_copyILb1EE13__uninit_copyISt13move_iteratorIPiES3_EET0_T_S6_S5_
FN:109,_ZSt18uninitialized_copyISt13move_iteratorIPiES1_ET0_T_S4_S3_
FN:258,_ZSt22__uninitialized_copy_aISt13move_iteratorIPiES1_iET0_T_S4_S3_RSaIT1_E
FN:276,_ZSt34__uninitialized_move_if_noexcept_aIPiS0_SaIiEET0_T_S3_S2_RT1_
FN:512,_ZNSt27__uninitialized_default_n_1ILb1EE18__uninit_default_nIPimEEvT_T0_
FN:540,_ZSt25__uninitialized_default_nIPimEvT_T0_
FN:605,_ZSt27__uninitialized_default_n_aIPimiEvT_T0_RSaIT1_E
FNDA:1,_ZNSt20__uninitialized_copyILb1EE13__uninit_copyISt13move_iteratorIPiES3_EET0_T_S6_S5_
FNDA:1,_ZSt18uninitialized_copyISt13move_iteratorIPiES1_ET0_T_S4_S3_
FNDA:1,_ZSt22__uninitialized_copy_aISt13move_iteratorIPiES1_iET0_T_S4_S3_RSaIT1_E
FNDA:1,_ZSt34__uninitialized_move_if_noexcept_aIPiS0_SaIiEET0_T_S3_S2_RT1_
FNDA:1,_ZNSt27__uninitialized_default_n_1ILb1EE18__uninit_default_nIPimEEvT_T0_
FNDA:1,_ZSt25__uninitialized_default_nIPimEvT_T0_
FNDA:1,_ZSt27__uninitialized_default_n_aIPimiEvT_T0_RSaIT1_E
FNF:7
FNH:7
BRDA:517,0,0,1
BRDA:517,0,1,0
BRF:2
BRH:1
DA:93,1
DA:95,1
DA:109,1
DA:119,1
DA:258,1
DA:260,1
DA:276,1
DA:283,1
DA:512,1
DA:517,1
DA:518,1
DA:540,1
DA:545,1
DA:547,1
DA:605,1
DA:607,1
LF:16
LH:16
end_of_record
SF:/usr/include/c++/4.7/bits/stl_vector.h
FN:80,_ZNSt12_Vector_baseIiSaIiEE12_Vector_implD2Ev
FN:87,_ZNSt12_Vector_baseIiSaIiEE12_Vector_implC2Ev
FN:114,_ZNSt12_Vector_baseIiSaIiEE19_M_get_Tp_allocatorEv
FN:118,_ZNKSt12_Vector_baseIiSaIiEE19_M_get_Tp_allocatorEv
FN:131,_ZNSt12_Vector_baseIiSaIiEEC2Em
FN:160,_ZNSt12_Vector_baseIiSaIiEED2Ev
FN:168,_ZNSt12_Vector_baseIiSaIiEE11_M_allocateEm
FN:172,_ZNSt12_Vector_baseIiSaIiEE13_M_deallocateEPim
FN:180,_ZNSt12_Vector_baseIiSaIiEE17_M_create_storageEm
FN:266,_ZNSt6vectorIiSaIiEEC2Em
FN:402,_ZNSt6vectorIiSaIiEED2Ev
FN:625,_ZNKSt6vectorIiSaIiEE4sizeEv
FN:630,_ZNKSt6vectorIiSaIiEE8max_sizeEv
FN:881,_ZNSt6vectorIiSaIiEE9push_backERKi
FN:1189,_ZNSt6vectorIiSaIiEE21_M_default_initializeEm
FN:1303,_ZNKSt6vectorIiSaIiEE12_M_check_lenEmPKc
FNDA:1,_ZNSt12_Vector_baseIiSaIiEE12_Vector_implD2Ev
FNDA:1,_ZNSt12_Vector_baseIiSaIiEE12_Vector_implC2Ev
FNDA:4,_ZNSt12_Vector_baseIiSaIiEE19_M_get_Tp_allocatorEv
FNDA:2,_ZNKSt12_Vector_baseIiSaIiEE19_M_get_Tp_allocatorEv
FNDA:1,_ZNSt12_Vector_baseIiSaIiEEC2Em
FNDA:1,_ZNSt12_Vector_baseIiSaIiEED2Ev
FNDA:2,_ZNSt12_Vector_baseIiSaIiEE11_M_allocateEm
FNDA:2,_ZNSt12_Vector_baseIiSaIiEE13_M_deallocateEPim
FNDA:1,_ZNSt12_Vector_baseIiSaIiEE17_M_create_storageEm
FNDA:1,_ZNSt6vectorIiSaIiEEC2Em
FNDA:1,_ZNSt6vectorIiSaIiEED2Ev
FNDA:5,_ZNKSt6vectorIiSaIiEE4sizeEv
FNDA:2,_ZNKSt6vectorIiSaIiEE8max_sizeEv
FNDA:1000,_ZNSt6vectorIiSaIiEE9push_backERKi
FNDA:1,_ZNSt6vectorIiSaIiEE21_M_default_initializeEm
FNDA:1,_ZNKSt6vectorIiSaIiEE12_M_check_lenEmPKc
FNF:16
FNH:16
BRDA:133,9999,0,1
BRDA:133,9999,1,0
BRDA:161,0,0,1
BRDA:161,0,1,0
BRDA:169,0,0,2
BRDA:169,0,1,0
BRDA:174,0,0,2
BRDA:174,0,1,0
BRDA:268,9999,0,1
BRDA:268,9999,1,0
BRDA:883,0,0,999
BRDA:883,0,1,1
BRDA:1305,0,2,0
BRDA:1305,0,3,1
BRDA:1309,9999,1,1
BRDA:1309,9999,2,0
BRDA:1309,0,4,0
BRDA:1309,0,5,1
BRF:18
BRH:10
DA:80,1
DA:87,1
DA:88,1
DA:89,1
DA:114,4
DA:115,4
DA:118,2
DA:119,2
DA:131,1
DA:132,1
DA:133,1
DA:160,1
DA:161,1
DA:162,1
DA:168,2
DA:169,2
DA:172,2
DA:174,2
DA:175,2
DA:176,2
DA:180,1
DA:182,1
DA:183,1
DA:184,1
DA:185,1
DA:266,1
DA:267,1
DA:268,1
DA:402,1
DA:403,1
DA:404,1
DA:625,5
DA:626,5
DA:630,2
DA:631,2
DA:881,1000
DA:883,1000
DA:885,999
DA:887,999
DA:891,1
DA:895,1000
DA:1189,1
DA:1191,1
DA:1193,1
DA:1194,1
DA:1303,1
DA:1305,1
DA:1306,0
DA:1308,1
DA:1309,1
LF:50
LH:49
end_of_record
SF:/usr/include/c++/4.7/bits/vector.tcc
FN:397,_ZNSt6vectorIiSaIiEE19_M_emplace_back_auxIIRKiEEEvDpOT_
FNDA:1,_ZNSt6vectorIiSaIiEE19_M_emplace_back_auxIIRKiEEEvDpOT_
FNF:1
FNH:1
BRDA:406,9999,2,1
BRDA:406,9999,3,0
BRDA:410,0,1,1
BRDA:410,0,2,0
BRDA:419,9999,0,-
BRDA:419,9999,1,-
BRDA:420,9999,1,-
BRDA:420,9999,2,-
BRDA:422,9999,1,-
BRDA:422,9999,2,-
BRDA:423,9999,0,-
BRDA:423,9999,1,-
BRF:12
BRH:2
DA:397,1
DA:401,1
DA:402,1
DA:403,1
DA:406,1
DA:408,1
DA:410,1
DA:415,1
DA:417,=====
DA:419,=====
DA:420,=====
DA:422,=====
DA:423,=====
DA:424,=====
DA:426,1
DA:428,1
DA:431,1
DA:432,1
DA:433,1
DA:434,1
LF:20
LH:14
end_of_record
SF:/usr/include/c++/4.7/ext/new_allocator.h
FN:69,_ZN9__gnu_cxx13new_allocatorIiEC2Ev
FN:76,_ZN9__gnu_cxx13new_allocatorIiED2Ev
FN:89,_ZN9__gnu_cxx13new_allocatorIiE8allocateEmPKv
FN:99,_ZN9__gnu_cxx13new_allocatorIiE10deallocateEPim
FN:103,_ZNK9__gnu_cxx13new_allocatorIiE8max_sizeEv
FN:109,_ZN9__gnu_cxx13new_allocatorIiE9constructIiIRKiEEEvPT_DpOT0_
FN:114,_ZN9__gnu_cxx13new_allocatorIiE7destroyIiEEvPT_
FNDA:1,_ZN9__gnu_cxx13new_allocatorIiEC2Ev
FNDA:1,_ZN9__gnu_cxx13new_allocatorIiED2Ev
FNDA:2,_ZN9__gnu_cxx13new_allocatorIiE8allocateEmPKv
FNDA:2,_ZN9__gnu_cxx13new_allocatorIiE10deallocateEPim
FNDA:4,_ZNK9__gnu_cxx13new_allocatorIiE8max_sizeEv
FNDA:1000,_ZN9__gnu_cxx13new_allocatorIiE9constructIiIRKiEEEvPT_DpOT0_
FNDA:0,_ZN9__gnu_cxx13new_allocatorIiE7destroyIiEEvPT_
FNF:7
FNH:6
BRDA:91,0,1,0
BRDA:91,0,2,2
BRDA:110,0,2,1000
BRDA:110,0,3,0
BRF:4
BRH:2
DA:69,1
DA:76,1
DA:89,2
DA:91,2
DA:92,0
DA:94,2
DA:99,2
DA:100,2
DA:103,4
DA:104,4
DA:109,1000
DA:110,1000
DA:114,0
LF:13
LH:11
end_of_record
SF:/usr/include/c++/4.7/iostream
DA:75,1
LF:1
LH:1
end_of_record
SF:/usr/include/c++/4.7/new
FN:111,_ZnwmPv
FNDA:1000,_ZnwmPv
FNF:1
FNH:1
DA:111,1000
DA:112,1000
LF:2
LH:2
end_of_record
SF:/usr/include/c++/4.7/bits/alloc_traits.h
DA:252,1000
DA:253,1000
DA:278,0
DA:279,0
DA:303,2
DA:304,2
DA:389,1000
DA:390,1000
DA:401,0
DA:402,0
DA:412,2
DA:413,2
LF:12
LH:8
end_of_record
SF:/usr/include/c++/4.7/bits/allocator.h
DA:104,1
DA:112,1
LF:2
LH:2
end_of_record
SF:/usr/include/c++/4.7/iostream
DA:75,1
LF:1
LH:1
end_of_record
SF:/usr/include/c++/4.7/bits/move.h
DA:77,3001
DA:78,3001
LF:2
LH:2
end_of_record
SF:/usr/include/c++/4.7/new
DA:111,1000
DA:112,1000
LF:2
LH:2
end_of_record
SF:/usr/include/c++/4.7/ext/new_allocator.h
DA:69,1
DA:76,1
DA:89,2
DA:91,2
DA:92,0
DA:94,2
DA:99,2
DA:100,2
DA:103,4
DA:104,4
DA:109,1000
DA:110,1000
DA:114,0
LF:13
LH:11
end_of_record
SF:/usr/include/c++/4.7/bits/stl_algobase.h
DA:210,1
DA:215,1
DA:216,0
DA:217,1
DA:271,4
DA:272,4
DA:282,2
DA:283,2
DA:362,1
DA:364,1
DA:365,1
DA:366,1
DA:367,1
DA:373,1
DA:381,1
DA:384,1
DA:418,1
DA:422,1
DA:444,1
DA:454,1
DA:740,1
DA:742,1
DA:743,1001
DA:745,1000
DA:746,1
DA:775,1
DA:780,1
LF:27
LH:26
end_of_record
SF:/usr/include/c++/4.7/bits/stl_construct.h
DA:114,2
DA:124,2
DA:128,2
DA:130,2
DA:152,2
DA:155,2
DA:156,2
LF:7
LH:7
end_of_record
SF:/usr/include/c++/4.7/bits/stl_iterator.h
DA:952,2
DA:953,2
DA:960,2
DA:961,2
DA:1134,2
DA:1135,2
LF:6
LH:6
end_of_record
SF:/usr/include/c++/4.7/bits/stl_iterator_base_types.h
DA:213,4
DA:214,4
DA:221,2
DA:222,2
LF:4
LH:4
end_of_record
SF:/usr/include/c++/4.7/bits/stl_uninitialized.h
DA:93,1
DA:95,1
DA:109,1
DA:119,1
DA:258,1
DA:260,1
DA:276,1
DA:283,1
DA:512,1
DA:517,1
DA:518,1
DA:540,1
DA:545,1
DA:547,1
DA:605,1
DA:607,1
LF:16
LH:16
end_of_record
SF:/usr/include/c++/4.7/bits/stl_vector.h
DA:80,1
DA:87,1
DA:88,1
DA:89,1
DA:114,4
DA:115,4
DA:118,2
DA:119,2
DA:131,1
DA:132,1
DA:133,1
DA:160,1
DA:161,1
DA:162,1
DA:168,2
DA:169,2
DA:172,2
DA:174,2
DA:175,2
DA:176,2
DA:180,1
DA:182,1
DA:183,1
DA:184,1
DA:185,1
DA:266,1
DA:267,1
DA:268,1
DA:402,1
DA:403,1
DA:404,1
DA:625,5
DA:626,5
DA:630,2
DA:631,2
DA:881,1000
DA:883,1000
DA:885,999
DA:887,999
DA:891,1
DA:895,1000
DA:1189,1
DA:1191,1
DA:1193,1
DA:1194,1
DA:1303,1
DA:1305,1
DA:1306,0
DA:1308,1
DA:1309,1
LF:50
LH:49
end_of_record
SF:/local/dev/c++/codingTutorial/gcov/test_gcov.cpp
FN:5,_Z10myFunctionii
FN:12,main
FN:21,_Z41__static_initialization_and_destruction_0ii
FN:21,_GLOBAL__sub_I__Z10myFunctionii
FNDA:0,_Z10myFunctionii
FNDA:1,main
FNDA:1,_GLOBAL__sub_I__Z10myFunctionii
FNDA:1,_Z41__static_initialization_and_destruction_0ii
FNF:4
FNH:3
BRDA:14,0,0,1
BRDA:14,0,1,0
BRDA:16,2,0,1000
BRDA:16,2,1,1
BRDA:18,0,0,1000
BRDA:18,0,1,0
BRDA:21,1,1,1
BRDA:21,1,2,0
BRDA:21,2,3,1
BRDA:21,2,4,0
BRF:10
BRH:6
DA:5,0
DA:12,1
DA:14,1
DA:16,1001
DA:18,1000
DA:19,1
DA:21,4
LF:7
LH:6
end_of_record
SF:/usr/include/c++/4.7/bits/vector.tcc
DA:397,1
DA:401,1
DA:402,1
DA:403,1
DA:406,1
DA:408,1
DA:410,1
DA:415,1
DA:417,=====
DA:419,=====
DA:420,=====
DA:422,=====
DA:423,=====
DA:424,=====
DA:426,1
DA:428,1
DA:431,1
DA:432,1
DA:433,1
DA:434,1
LF:20
LH:14
end_of_record
